2025-09-15 17:26:48,221 - ERROR - Failed to connect to database.
2025-09-15 17:26:48,251 - WARNING - An unexpected issue occurred while processing the request.
2025-09-15 17:26:48,347 - INFO - File upload successful.
2025-09-15 17:26:48,439 - INFO - Warning: Disk space running low.
2025-09-15 17:26:48,471 - DEBUG - Memory usage exceeds threshold.
2025-09-15 17:26:48,543 - INFO - API request processed successfully.
2025-09-15 17:26:48,573 - CRITICAL - Database connection established.
2025-09-15 17:26:48,671 - ERROR - Critical system failure occurred.
2025-09-15 17:26:48,699 - CRITICAL - issue occurred during API call.
2025-09-15 17:26:48,715 - WARNING - Success: New user registered.
2025-09-15 17:26:48,727 - WARNING - System performance degraded.
2025-09-15 17:26:48,769 - DEBUG - System performance degraded.
2025-09-15 17:26:48,840 - ERROR - Memory usage exceeds threshold.
2025-09-15 17:26:48,923 - INFO - An unexpected issue occurred while processing the request.
2025-09-15 17:26:48,998 - CRITICAL - Unexpected response from server.
2025-09-15 17:26:49,065 - DEBUG - Data successfully updated in the system.
2025-09-15 17:26:49,085 - ERROR - User logged in successfully.
2025-09-15 17:26:49,162 - DEBUG - Warning: Disk space running low.
2025-09-15 17:26:49,252 - DEBUG - User logged in successfully.
2025-09-15 17:26:49,279 - INFO - File not found.
2025-09-15 17:26:49,321 - ERROR - File not found.
2025-09-15 17:26:49,355 - CRITICAL - Timeout occurred while trying to reach the server.
2025-09-15 17:26:49,454 - CRITICAL - Critical system failure occurred.
2025-09-15 17:26:49,466 - DEBUG - Invalid input provided by user.
2025-09-15 17:26:49,529 - INFO - Warning: Disk space running low.
2025-09-15 17:26:49,550 - CRITICAL - API request processed successfully.
2025-09-15 17:26:49,647 - DEBUG - Success: New user registered.
2025-09-15 17:26:49,682 - INFO - Permission denied while accessing the file.
2025-09-15 17:26:49,747 - WARNING - File upload successful.
2025-09-15 17:26:49,801 - ERROR - Database connection established.
2025-09-15 17:26:49,884 - DEBUG - Unexpected response from server.
2025-09-15 17:26:49,969 - ERROR - User authentication failed.
2025-09-15 17:26:49,987 - ERROR - Permission denied while accessing the file.
2025-09-15 17:26:50,082 - CRITICAL - File not found.
2025-09-15 17:26:50,157 - CRITICAL - Success: New user registered.
2025-09-15 17:26:50,228 - INFO - Data successfully updated in the system.
2025-09-15 17:26:50,244 - DEBUG - Warning: Disk space running low.
2025-09-15 17:26:50,338 - WARNING - Success: New user registered.
2025-09-15 17:26:50,429 - DEBUG - Data successfully updated in the system.
2025-09-15 17:26:50,489 - CRITICAL - Unexpected response from server.
2025-09-15 17:26:50,554 - DEBUG - Critical system failure occurred.
2025-09-15 17:26:50,588 - ERROR - File upload successful.
2025-09-15 17:26:50,676 - WARNING - Warning: Disk space running low.
2025-09-15 17:26:50,750 - INFO - User logged in successfully.
2025-09-15 17:26:50,827 - ERROR - Critical system failure occurred.
2025-09-15 17:26:50,902 - DEBUG - Warning: Disk space running low.
2025-09-15 17:26:50,963 - WARNING - Memory usage exceeds threshold.
2025-09-15 17:26:51,010 - CRITICAL - Memory usage exceeds threshold.
2025-09-15 17:26:51,051 - CRITICAL - File not found.
2025-09-15 17:26:51,064 - INFO - File upload successful.
2025-09-15 17:26:51,083 - CRITICAL - Permission denied while accessing the file.
2025-09-15 17:26:51,115 - ERROR - Success: New user registered.
2025-09-15 17:26:51,162 - ERROR - Success: New user registered.
2025-09-15 17:26:51,251 - ERROR - Warning: Disk space running low.
2025-09-15 17:26:51,348 - DEBUG - Memory usage exceeds threshold.
2025-09-15 17:26:51,395 - INFO - Warning: Disk space running low.
2025-09-15 17:26:51,453 - WARNING - Data successfully updated in the system.
2025-09-15 17:26:51,475 - CRITICAL - API request processed successfully.
2025-09-15 17:26:51,495 - WARNING - File not found.
2025-09-15 17:26:51,512 - CRITICAL - User authentication failed.
2025-09-15 17:26:51,582 - INFO - Database connection established.
2025-09-15 17:26:51,662 - CRITICAL - API request processed successfully.
2025-09-15 17:26:51,706 - CRITICAL - Permission denied while accessing the file.
2025-09-15 17:26:51,767 - WARNING - Warning: Disk space running low.
2025-09-15 17:26:51,807 - WARNING - An unexpected issue occurred while processing the request.
2025-09-15 17:26:51,843 - WARNING - Database connection established.
2025-09-15 17:26:51,915 - DEBUG - issue occurred during API call.
2025-09-15 17:26:51,967 - WARNING - An unexpected issue occurred while processing the request.
2025-09-15 17:26:52,045 - WARNING - System performance degraded.
2025-09-15 17:26:52,064 - WARNING - Unexpected response from server.
2025-09-15 17:26:52,079 - DEBUG - Timeout occurred while trying to reach the server.
2025-09-15 17:26:52,128 - ERROR - Memory usage exceeds threshold.
2025-09-15 17:26:52,159 - WARNING - API request processed successfully.
2025-09-15 17:26:52,215 - DEBUG - Critical system failure occurred.
2025-09-15 17:26:52,257 - DEBUG - Invalid input provided by user.
2025-09-15 17:26:52,320 - INFO - Issue occurred during API call.
2025-09-15 17:26:52,399 - WARNING - API request processed successfully.
2025-09-15 17:26:52,471 - CRITICAL - File upload successful.
2025-09-15 17:26:52,483 - CRITICAL - File corrupted during transfer.
2025-09-15 17:26:52,505 - INFO - Database connection established.
2025-09-15 17:26:52,525 - ERROR - User authentication failed.
2025-09-15 17:26:52,599 - DEBUG - Permission denied while accessing the file.
2025-09-15 17:26:52,610 - WARNING - Failed to connect to database.
2025-09-15 17:26:52,658 - INFO - System rebooted successfully.
2025-09-15 17:26:52,727 - DEBUG - User logged in successfully.
2025-09-15 17:26:52,750 - CRITICAL - System rebooted successfully.
2025-09-15 17:26:52,786 - DEBUG - User authentication failed.
2025-09-15 17:26:52,855 - WARNING - Unexpected response from server.
2025-09-15 17:26:52,893 - WARNING - Success: New user registered.
2025-09-15 17:26:52,914 - WARNING - File corrupted during transfer.
2025-09-15 17:26:52,997 - INFO - File upload successful.
2025-09-15 17:26:53,090 - ERROR - File not found.
2025-09-15 17:26:53,190 - WARNING - Success: New user registered.
2025-09-15 17:26:53,268 - ERROR - Warning: Disk space running low.
2025-09-15 17:26:53,330 - DEBUG - System backup completed successfully.
2025-09-15 17:26:53,355 - DEBUG - File corrupted during transfer.
2025-09-15 17:26:53,417 - ERROR - Success: New user registered.
2025-09-15 17:26:53,481 - DEBUG - Invalid input provided by user.
2025-09-15 17:26:53,577 - CRITICAL - Warning: Disk space running low.
2025-09-15 17:26:53,674 - CRITICAL - File upload successful.
2025-09-15 17:26:53,757 - WARNING - Success: New user registered.
2025-09-15 17:26:53,776 - ERROR - Data successfully updated in the system.
2025-09-15 17:26:53,811 - ERROR - User authentication failed.
2025-09-15 17:26:53,889 - ERROR - Warning: Disk space running low.
2025-09-15 17:26:53,957 - DEBUG - User authentication failed.
2025-09-15 17:26:53,987 - CRITICAL - File not found.
2025-09-15 17:26:54,009 - DEBUG - User logged in successfully.
2025-09-15 17:26:54,090 - INFO - File not found.
2025-09-15 17:26:54,169 - ERROR - File upload successful.
2025-09-15 17:26:54,232 - DEBUG - User authentication failed.
2025-09-15 17:26:54,271 - CRITICAL - Success: New user registered.
2025-09-15 17:26:54,337 - CRITICAL - Invalid input provided by user.
2025-09-15 17:26:54,382 - WARNING - Warning: Disk space running low.
2025-09-15 17:26:54,461 - DEBUG - Critical system failure occurred.
2025-09-15 17:26:54,475 - ERROR - Unexpected response from server.
2025-09-15 17:26:54,513 - ERROR - File corrupted during transfer.
2025-09-15 17:26:54,579 - ERROR - Invalid input provided by user.
2025-09-15 17:26:54,622 - DEBUG - Failed to connect to database.
2025-09-15 17:26:54,671 - INFO - Timeout occurred while trying to reach the server.
2025-09-15 17:26:54,709 - CRITICAL - File corrupted during transfer.
2025-09-15 17:26:54,763 - CRITICAL - Database connection established.
2025-09-15 17:26:54,796 - INFO - Permission denied while accessing the file.
2025-09-15 17:26:54,843 - CRITICAL - User authentication failed.
2025-09-15 17:26:54,922 - ERROR - Failed to connect to database.
2025-09-15 17:26:54,995 - WARNING - Success: New user registered.
2025-09-15 17:26:55,088 - ERROR - File corrupted during transfer.
2025-09-15 17:26:55,180 - CRITICAL - API request processed successfully.
2025-09-15 17:26:55,270 - CRITICAL - Unexpected response from server.
2025-09-15 17:26:55,312 - CRITICAL - Timeout occurred while trying to reach the server.
2025-09-15 17:26:55,337 - INFO - System rebooted successfully.
2025-09-15 17:26:55,417 - ERROR - User authentication failed.
2025-09-15 17:26:55,462 - WARNING - File not found.
2025-09-15 17:26:55,496 - DEBUG - Warning: Disk space running low.
2025-09-15 17:26:55,590 - CRITICAL - Success: New user registered.
2025-09-15 17:26:55,659 - ERROR - Data successfully updated in the system.
2025-09-15 17:26:55,692 - ERROR - Critical system failure occurred.
2025-09-15 17:26:55,747 - DEBUG - Failed to connect to database.
2025-09-15 17:26:55,820 - CRITICAL - Timeout occurred while trying to reach the server.
2025-09-15 17:26:55,849 - CRITICAL - File corrupted during transfer.
2025-09-15 17:26:55,895 - CRITICAL - File not found.
2025-09-15 17:26:55,929 - WARNING - User logged in successfully.
2025-09-15 17:26:55,960 - INFO - File corrupted during transfer.
2025-09-15 17:26:55,987 - DEBUG - File upload successful.
2025-09-15 17:26:56,027 - ERROR - File not found.
2025-09-15 17:26:56,108 - INFO - API request processed successfully.
2025-09-15 17:26:56,144 - DEBUG - User authentication failed.
2025-09-15 17:26:56,188 - CRITICAL - User logged in successfully.
2025-09-15 17:26:56,217 - INFO - System rebooted successfully.
2025-09-15 17:26:56,313 - CRITICAL - Critical system failure occurred.
2025-09-15 17:26:56,413 - CRITICAL - Unexpected response from server.
2025-09-15 17:26:56,465 - INFO - Unexpected response from server.
2025-09-15 17:26:56,493 - DEBUG - Database connection established.
2025-09-15 17:26:56,548 - INFO - Data successfully updated in the system.
2025-09-15 17:26:56,627 - CRITICAL - Timeout occurred while trying to reach the server.
2025-09-15 17:26:56,723 - DEBUG - Failed to connect to database.
2025-09-15 17:26:56,786 - CRITICAL - Data successfully updated in the system.
2025-09-15 17:26:56,880 - ERROR - Data successfully updated in the system.
2025-09-15 17:26:56,902 - ERROR - User authentication failed.
2025-09-15 17:26:56,943 - INFO - Unexpected response from server.
2025-09-15 17:26:56,974 - WARNING - Database connection established.
2025-09-15 17:26:57,007 - DEBUG - Memory usage exceeds threshold.
2025-09-15 17:26:57,084 - WARNING - Permission denied while accessing the file.
2025-09-15 17:26:57,103 - CRITICAL - issue occurred during API call.
2025-09-15 17:26:57,154 - DEBUG - Timeout occurred while trying to reach the server.
2025-09-15 17:26:57,220 - WARNING - Warning: Disk space running low.
2025-09-15 17:26:57,269 - WARNING - System backup completed successfully.
2025-09-15 17:26:57,300 - INFO - System backup completed successfully.
2025-09-15 17:26:57,365 - WARNING - User logged in successfully.
2025-09-15 17:26:57,427 - WARNING - User logged in successfully.
2025-09-15 17:26:57,479 - ERROR - Invalid input provided by user.
2025-09-15 17:26:57,540 - WARNING - System backup completed successfully.
2025-09-15 17:26:57,551 - CRITICAL - Warning: Disk space running low.
2025-09-15 17:26:57,562 - WARNING - Database connection established.
2025-09-15 17:26:57,579 - CRITICAL - Data successfully updated in the system.
2025-09-15 17:26:57,606 - INFO - Failed to connect to database.
2025-09-15 17:26:57,639 - ERROR - Permission denied while accessing the file.
2025-09-15 17:26:57,724 - DEBUG - Warning: Disk space running low.
2025-09-15 17:26:57,756 - DEBUG - User logged in successfully.
2025-09-15 17:26:57,792 - WARNING - User authentication failed.
2025-09-15 17:26:57,882 - DEBUG - Invalid input provided by user.
2025-09-15 17:26:57,976 - WARNING - File upload successful.
2025-09-15 17:26:58,049 - INFO - Failed to connect to database.
2025-09-15 17:26:58,094 - WARNING - Warning: Disk space running low.
2025-09-15 17:26:58,163 - ERROR - File upload successful.
2025-09-15 17:26:58,251 - ERROR - Critical system failure occurred.
2025-09-15 17:26:58,332 - CRITICAL - Invalid input provided by user.
2025-09-15 17:26:58,410 - CRITICAL - System performance degraded.
2025-09-15 17:26:58,448 - ERROR - Success: New user registered.
2025-09-15 17:26:58,503 - CRITICAL - Invalid input provided by user.
2025-09-15 17:26:58,528 - ERROR - issue occurred during API call.
2025-09-15 17:26:58,548 - WARNING - User logged in successfully.
2025-09-15 17:26:58,576 - INFO - File corrupted during transfer.
2025-09-15 17:26:58,661 - INFO - Unexpected response from server.
2025-09-15 17:26:58,746 - WARNING - System rebooted successfully.
2025-09-15 17:26:58,808 - CRITICAL - Invalid input provided by user.
2025-09-15 17:26:58,883 - ERROR - Failed to connect to database.
2025-09-15 17:26:58,981 - DEBUG - Failed to connect to database.
2025-09-15 17:26:58,994 - INFO - Warning: Disk space running low.
2025-09-15 17:26:59,044 - DEBUG - Success: New user registered.
2025-09-15 17:26:59,110 - CRITICAL - User logged in successfully.
2025-09-15 17:26:59,124 - CRITICAL - Failed to connect to database.
2025-09-15 17:26:59,150 - DEBUG - An unexpected issue occurred while processing the request.
2025-09-15 17:26:59,207 - CRITICAL - An unexpected issue occurred while processing the request.
2025-09-15 17:26:59,224 - CRITICAL - Memory usage exceeds threshold.
2025-09-15 17:26:59,236 - INFO - User authentication failed.
2025-09-15 17:26:59,254 - INFO - Database connection established.
2025-09-15 17:26:59,308 - WARNING - Warning: Disk space running low.
2025-09-15 17:26:59,396 - ERROR - Memory usage exceeds threshold.
2025-09-15 17:26:59,478 - ERROR - Permission denied while accessing the file.
2025-09-15 17:26:59,526 - WARNING - issue occurred during API call.
2025-09-15 17:26:59,563 - ERROR - An unexpected issue occurred while processing the request.
2025-09-15 17:26:59,605 - ERROR - User logged in successfully.
2025-09-15 17:26:59,640 - DEBUG - System rebooted successfully.
2025-09-15 17:26:59,705 - DEBUG - Memory usage exceeds threshold.
2025-09-15 17:26:59,733 - ERROR - issue occurred during API call.
2025-09-15 17:26:59,751 - WARNING - Invalid input provided by user.
2025-09-15 17:26:59,813 - DEBUG - Unexpected response from server.
2025-09-15 17:26:59,886 - WARNING - Permission denied while accessing the file.
2025-09-15 17:26:59,932 - INFO - Permission denied while accessing the file.
2025-09-15 17:26:59,973 - CRITICAL - Success: New user registered.
2025-09-15 17:27:00,070 - INFO - API request processed successfully.
2025-09-15 17:27:00,163 - WARNING - File upload successful.
2025-09-15 17:27:00,227 - INFO - File not found.
2025-09-15 17:27:00,260 - WARNING - Memory usage exceeds threshold.
2025-09-15 17:27:00,316 - CRITICAL - User authentication failed.
2025-09-15 17:27:00,380 - WARNING - System backup completed successfully.
2025-09-15 17:27:00,475 - ERROR - File upload successful.
2025-09-15 17:27:00,551 - WARNING - Invalid input provided by user.
2025-09-15 17:27:00,566 - INFO - Data successfully updated in the system.
2025-09-15 17:27:00,616 - CRITICAL - File upload successful.
2025-09-15 17:27:00,663 - DEBUG - Memory usage exceeds threshold.
2025-09-15 17:27:00,690 - DEBUG - Timeout occurred while trying to reach the server.
2025-09-15 17:27:00,715 - INFO - Critical system failure occurred.
2025-09-15 17:27:00,792 - WARNING - Database connection established.
2025-09-15 17:27:00,827 - ERROR - User authentication failed.
2025-09-15 17:27:00,879 - CRITICAL - File upload successful.
2025-09-15 17:27:00,924 - CRITICAL - Warning: Disk space running low.
2025-09-15 17:27:00,950 - DEBUG - Database connection established.
2025-09-15 17:27:01,006 - DEBUG - Memory usage exceeds threshold.
2025-09-15 17:27:01,039 - WARNING - Memory usage exceeds threshold.
2025-09-15 17:27:01,119 - CRITICAL - issue occurred during API call.
2025-09-15 17:27:01,181 - INFO - Invalid input provided by user.
2025-09-15 17:27:01,245 - DEBUG - Timeout occurred while trying to reach the server.
2025-09-15 17:27:01,327 - DEBUG - Data successfully updated in the system.
2025-09-15 17:27:01,397 - CRITICAL - Success: New user registered.
2025-09-15 17:27:01,441 - DEBUG - System rebooted successfully.
2025-09-15 17:27:01,506 - ERROR - Database connection established.
2025-09-15 17:27:01,592 - CRITICAL - Invalid input provided by user.
2025-09-15 17:27:01,633 - ERROR - API request processed successfully.
2025-09-15 17:27:01,714 - ERROR - Invalid input provided by user.
2025-09-15 17:27:01,766 - INFO - System performance degraded.
2025-09-15 17:27:01,841 - WARNING - File not found.
2025-09-15 17:27:01,876 - CRITICAL - API request processed successfully.
2025-09-15 17:27:01,921 - WARNING - File corrupted during transfer.
2025-09-15 17:27:02,020 - WARNING - User logged in successfully.
2025-09-15 17:27:02,103 - CRITICAL - issue occurred during API call.
2025-09-15 17:27:02,162 - CRITICAL - Data successfully updated in the system.
2025-09-15 17:27:02,209 - INFO - User authentication failed.
2025-09-15 17:27:02,268 - INFO - API request processed successfully.
2025-09-15 17:27:02,364 - INFO - File corrupted during transfer.
2025-09-15 17:27:02,428 - CRITICAL - Permission denied while accessing the file.
2025-09-15 17:27:02,462 - INFO - Memory usage exceeds threshold.
2025-09-15 17:27:02,477 - INFO - issue occurred during API call.
2025-09-15 17:27:02,573 - WARNING - Permission denied while accessing the file.
2025-09-15 17:27:02,674 - DEBUG - Unexpected response from server.
2025-09-15 17:27:02,746 - DEBUG - System rebooted successfully.
2025-09-15 17:27:02,806 - CRITICAL - System backup completed successfully.
2025-09-15 17:27:02,891 - WARNING - API request processed successfully.
2025-09-15 17:27:02,913 - CRITICAL - Success: New user registered.
2025-09-15 17:27:03,007 - DEBUG - User logged in successfully.
2025-09-15 17:27:03,082 - WARNING - Invalid input provided by user.
2025-09-15 17:27:03,154 - CRITICAL - Invalid input provided by user.
2025-09-15 17:27:03,254 - CRITICAL - Success: New user registered.
2025-09-15 17:27:03,287 - DEBUG - Database connection established.
2025-09-15 17:27:03,386 - DEBUG - File upload successful.
2025-09-15 17:27:03,469 - DEBUG - Timeout occurred while trying to reach the server.
2025-09-15 17:27:03,555 - WARNING - Invalid input provided by user.
2025-09-15 17:27:03,569 - WARNING - System rebooted successfully.
2025-09-15 17:27:03,669 - CRITICAL - Permission denied while accessing the file.
2025-09-15 17:27:03,686 - INFO - Warning: Disk space running low.
2025-09-15 17:27:03,788 - CRITICAL - An unexpected issue occurred while processing the request.
2025-09-15 17:27:03,844 - DEBUG - issue occurred during API call.
2025-09-15 17:27:03,912 - CRITICAL - issue occurred during API call.
2025-09-15 17:27:03,977 - CRITICAL - System performance degraded.
2025-09-15 17:27:04,052 - DEBUG - File not found.
2025-09-15 17:27:04,066 - INFO - API request processed successfully.
2025-09-15 17:27:04,160 - CRITICAL - Timeout occurred while trying to reach the server.
2025-09-15 17:27:04,202 - WARNING - An unexpected issue occurred while processing the request.
2025-09-15 17:27:04,257 - WARNING - System performance degraded.
2025-09-15 17:27:04,336 - INFO - Warning: Disk space running low.
2025-09-15 17:27:04,402 - ERROR - User authentication failed.
2025-09-15 17:27:04,422 - WARNING - Data successfully updated in the system.
2025-09-15 17:27:04,461 - WARNING - System backup completed successfully.
2025-09-15 17:27:04,527 - DEBUG - issue occurred during API call.
2025-09-15 17:27:04,620 - DEBUG - Memory usage exceeds threshold.
2025-09-15 17:27:04,672 - WARNING - Unexpected response from server.
2025-09-15 17:27:04,707 - WARNING - System rebooted successfully.
2025-09-15 17:27:04,778 - DEBUG - Unexpected response from server.
2025-09-15 17:27:04,863 - ERROR - Unexpected response from server.
2025-09-15 17:27:04,898 - CRITICAL - Invalid input provided by user.
2025-09-15 17:27:04,922 - DEBUG - An unexpected issue occurred while processing the request.
2025-09-15 17:27:04,993 - INFO - An unexpected issue occurred while processing the request.
2025-09-15 17:27:05,027 - INFO - Memory usage exceeds threshold.
2025-09-15 17:27:05,044 - WARNING - Invalid input provided by user.
2025-09-15 17:27:05,059 - WARNING - File corrupted during transfer.
2025-09-15 17:27:05,092 - ERROR - Invalid input provided by user.
2025-09-15 17:27:05,124 - WARNING - Failed to connect to database.
2025-09-15 17:27:05,167 - DEBUG - An unexpected issue occurred while processing the request.
2025-09-15 17:27:05,183 - WARNING - issue occurred during API call.
2025-09-15 17:27:05,241 - DEBUG - Invalid input provided by user.
2025-09-15 17:27:05,301 - WARNING - System performance degraded.
2025-09-15 17:27:05,327 - CRITICAL - File corrupted during transfer.
2025-09-15 17:27:05,383 - WARNING - Invalid input provided by user.
2025-09-15 17:27:05,427 - DEBUG - File not found.
2025-09-15 17:27:05,441 - CRITICAL - Unexpected response from server.
2025-09-15 17:27:05,523 - WARNING - Unexpected response from server.
2025-09-15 17:27:05,578 - ERROR - Unexpected response from server.
2025-09-15 17:27:05,591 - DEBUG - issue occurred during API call.
2025-09-15 17:27:05,683 - DEBUG - File corrupted during transfer.
2025-09-15 17:27:05,782 - WARNING - Memory usage exceeds threshold.
2025-09-15 17:27:05,880 - ERROR - File upload successful.
2025-09-15 17:27:05,897 - WARNING - System rebooted successfully.
2025-09-15 17:27:05,939 - ERROR - System rebooted successfully.
2025-09-15 17:27:06,022 - WARNING - File corrupted during transfer.
2025-09-15 17:27:06,121 - DEBUG - issue occurred during API call.
2025-09-15 17:27:06,171 - DEBUG - issue occurred during API call.
2025-09-15 17:27:06,233 - CRITICAL - Success: New user registered.
2025-09-15 17:27:06,304 - WARNING - Data successfully updated in the system.
2025-09-15 17:27:06,322 - CRITICAL - System rebooted successfully.
2025-09-15 17:27:06,368 - ERROR - Failed to connect to database.
2025-09-15 17:27:06,399 - WARNING - User logged in successfully.
2025-09-15 17:27:06,463 - INFO - Database connection established.
2025-09-15 17:27:06,552 - ERROR - File corrupted during transfer.
2025-09-15 17:27:06,627 - DEBUG - Memory usage exceeds threshold.
2025-09-15 17:27:06,668 - ERROR - Database connection established.
2025-09-15 17:27:06,760 - DEBUG - File not found.
2025-09-15 17:27:06,822 - ERROR - Critical system failure occurred.
2025-09-15 17:27:06,833 - ERROR - User logged in successfully.
2025-09-15 17:27:06,870 - ERROR - Critical system failure occurred.
2025-09-15 17:27:06,911 - WARNING - Unexpected response from server.
2025-09-15 17:27:06,942 - DEBUG - Permission denied while accessing the file.
2025-09-15 17:27:07,003 - INFO - Timeout occurred while trying to reach the server.
2025-09-15 17:27:07,093 - DEBUG - File upload successful.
2025-09-15 17:27:07,192 - DEBUG - File corrupted during transfer.
2025-09-15 17:27:07,245 - CRITICAL - issue occurred during API call.
2025-09-15 17:27:07,306 - ERROR - System performance degraded.
2025-09-15 17:27:07,391 - WARNING - User logged in successfully.
2025-09-15 17:27:07,453 - ERROR - File upload successful.
2025-09-15 17:27:07,520 - WARNING - Critical system failure occurred.
2025-09-15 17:27:07,587 - DEBUG - Invalid input provided by user.
2025-09-15 17:27:07,628 - INFO - Failed to connect to database.
2025-09-15 17:27:07,671 - DEBUG - Database connection established.
2025-09-15 17:27:07,700 - DEBUG - Timeout occurred while trying to reach the server.
2025-09-15 17:27:07,756 - ERROR - Permission denied while accessing the file.
2025-09-15 17:27:07,848 - CRITICAL - Data successfully updated in the system.
2025-09-15 17:27:07,949 - INFO - File corrupted during transfer.
2025-09-15 17:27:07,986 - WARNING - Memory usage exceeds threshold.
2025-09-15 17:27:07,999 - DEBUG - An unexpected issue occurred while processing the request.
2025-09-15 17:27:08,061 - WARNING - File upload successful.
2025-09-15 17:27:08,089 - WARNING - Invalid input provided by user.
2025-09-15 17:27:08,172 - WARNING - File corrupted during transfer.
2025-09-15 17:27:08,215 - ERROR - User authentication failed.
2025-09-15 17:27:08,274 - DEBUG - System backup completed successfully.
2025-09-15 17:27:08,371 - INFO - Invalid input provided by user.
2025-09-15 17:27:08,415 - INFO - User authentication failed.
2025-09-15 17:27:08,433 - INFO - Unexpected response from server.
2025-09-15 17:27:08,504 - DEBUG - Database connection established.
2025-09-15 17:27:08,589 - CRITICAL - System backup completed successfully.
2025-09-15 17:27:08,633 - INFO - File upload successful.
2025-09-15 17:27:08,657 - ERROR - User authentication failed.
2025-09-15 17:27:08,711 - CRITICAL - Unexpected response from server.
2025-09-15 17:27:08,767 - INFO - System rebooted successfully.
2025-09-15 17:27:08,861 - DEBUG - Memory usage exceeds threshold.
2025-09-15 17:27:08,884 - INFO - issue occurred during API call.
2025-09-15 17:27:08,948 - CRITICAL - Invalid input provided by user.
2025-09-15 17:27:08,999 - ERROR - User authentication failed.
2025-09-15 17:27:09,077 - DEBUG - Failed to connect to database.
2025-09-15 17:27:09,109 - INFO - API request processed successfully.
2025-09-15 17:27:09,205 - ERROR - Failed to connect to database.
2025-09-15 17:27:09,303 - INFO - Timeout occurred while trying to reach the server.
2025-09-15 17:27:09,328 - CRITICAL - File upload successful.
2025-09-15 17:27:09,410 - INFO - System rebooted successfully.
2025-09-15 17:27:09,493 - INFO - issue occurred during API call.
2025-09-15 17:27:09,566 - CRITICAL - issue occurred during API call.
2025-09-15 17:27:09,662 - DEBUG - Database connection established.
2025-09-15 17:27:09,689 - WARNING - Failed to connect to database.
2025-09-15 17:27:09,757 - DEBUG - User logged in successfully.
2025-09-15 17:27:09,816 - INFO - Failed to connect to database.
2025-09-15 17:27:09,849 - DEBUG - Failed to connect to database.
2025-09-15 17:27:09,908 - CRITICAL - Warning: Disk space running low.
2025-09-15 17:27:09,995 - WARNING - File corrupted during transfer.
2025-09-15 17:27:10,022 - DEBUG - Memory usage exceeds threshold.
2025-09-15 17:27:10,048 - ERROR - System rebooted successfully.
2025-09-15 17:27:10,134 - DEBUG - System performance degraded.
2025-09-15 17:27:10,207 - DEBUG - System rebooted successfully.
2025-09-15 17:27:10,301 - INFO - Database connection established.
2025-09-15 17:27:10,354 - WARNING - Permission denied while accessing the file.
2025-09-15 17:27:10,453 - INFO - Data successfully updated in the system.
2025-09-15 17:27:10,494 - CRITICAL - Invalid input provided by user.
2025-09-15 17:27:10,520 - DEBUG - Warning: Disk space running low.
2025-09-15 17:27:10,568 - DEBUG - File corrupted during transfer.
2025-09-15 17:27:10,652 - WARNING - Invalid input provided by user.
2025-09-15 17:27:10,683 - DEBUG - API request processed successfully.
2025-09-15 17:27:10,720 - ERROR - User authentication failed.
2025-09-15 17:27:10,769 - DEBUG - Timeout occurred while trying to reach the server.
2025-09-15 17:27:10,807 - WARNING - Data successfully updated in the system.
2025-09-15 17:27:10,844 - DEBUG - Database connection established.
2025-09-15 17:27:10,870 - CRITICAL - Timeout occurred while trying to reach the server.
2025-09-15 17:27:10,898 - WARNING - User authentication failed.
2025-09-15 17:27:10,947 - DEBUG - File not found.
2025-09-15 17:27:11,034 - CRITICAL - Permission denied while accessing the file.
2025-09-15 17:27:11,090 - DEBUG - API request processed successfully.
2025-09-15 17:27:11,134 - WARNING - Unexpected response from server.
2025-09-15 17:27:11,206 - CRITICAL - Critical system failure occurred.
2025-09-15 17:27:11,229 - CRITICAL - Data successfully updated in the system.
2025-09-15 17:27:11,283 - INFO - Success: New user registered.
2025-09-15 17:27:11,372 - INFO - Critical system failure occurred.
2025-09-15 17:27:11,429 - DEBUG - Data successfully updated in the system.
2025-09-15 17:27:11,456 - ERROR - File corrupted during transfer.
2025-09-15 17:27:11,519 - ERROR - Failed to connect to database.
2025-09-15 17:27:11,545 - ERROR - Success: New user registered.
2025-09-15 17:27:11,639 - WARNING - Success: New user registered.
2025-09-15 17:27:11,707 - INFO - Critical system failure occurred.
2025-09-15 17:27:11,782 - WARNING - Success: New user registered.
2025-09-15 17:27:11,874 - CRITICAL - System backup completed successfully.
2025-09-15 17:27:11,939 - CRITICAL - Data successfully updated in the system.
2025-09-15 17:27:12,020 - CRITICAL - User authentication failed.
2025-09-15 17:27:12,046 - INFO - System performance degraded.
2025-09-15 17:27:12,081 - CRITICAL - File corrupted during transfer.
2025-09-15 17:27:12,171 - WARNING - Critical system failure occurred.
2025-09-15 17:27:12,263 - CRITICAL - An unexpected issue occurred while processing the request.
2025-09-15 17:27:12,296 - CRITICAL - Unexpected response from server.
2025-09-15 17:27:12,382 - CRITICAL - File corrupted during transfer.
2025-09-15 17:27:12,438 - ERROR - User logged in successfully.
2025-09-15 17:27:12,497 - INFO - Invalid input provided by user.
2025-09-15 17:27:12,572 - WARNING - Unexpected response from server.
2025-09-15 17:27:12,622 - INFO - File not found.
2025-09-15 17:27:12,692 - DEBUG - File not found.
2025-09-15 17:27:12,747 - DEBUG - An unexpected issue occurred while processing the request.
2025-09-15 17:27:12,834 - WARNING - Database connection established.
2025-09-15 17:27:12,879 - CRITICAL - issue occurred during API call.
2025-09-15 17:27:12,965 - WARNING - Invalid input provided by user.
2025-09-15 17:27:13,024 - ERROR - Unexpected response from server.
2025-09-15 17:27:13,124 - ERROR - System backup completed successfully.
2025-09-15 17:27:13,220 - CRITICAL - File upload successful.
2025-09-15 17:27:13,319 - WARNING - System performance degraded.
2025-09-15 17:27:13,335 - INFO - Permission denied while accessing the file.
2025-09-15 17:27:13,356 - WARNING - User logged in successfully.
2025-09-15 17:27:13,423 - INFO - File not found.
2025-09-15 17:27:13,519 - WARNING - User logged in successfully.
2025-09-15 17:27:13,586 - DEBUG - Memory usage exceeds threshold.
2025-09-15 17:27:13,662 - INFO - Timeout occurred while trying to reach the server.
2025-09-15 17:27:13,675 - DEBUG - API request processed successfully.
2025-09-15 17:27:13,687 - INFO - User logged in successfully.
2025-09-15 17:27:13,779 - WARNING - Success: New user registered.
2025-09-15 17:27:13,870 - ERROR - Timeout occurred while trying to reach the server.
2025-09-15 17:27:13,960 - DEBUG - Memory usage exceeds threshold.
2025-09-15 17:27:14,030 - CRITICAL - Warning: Disk space running low.
2025-09-15 17:27:14,075 - ERROR - Success: New user registered.
2025-09-15 17:27:14,122 - WARNING - Timeout occurred while trying to reach the server.
2025-09-15 17:27:14,186 - INFO - Data successfully updated in the system.
2025-09-15 17:27:14,223 - CRITICAL - Failed to connect to database.
2025-09-15 17:27:14,298 - WARNING - File not found.
2025-09-15 17:27:14,345 - ERROR - File not found.
2025-09-15 17:27:14,413 - DEBUG - Failed to connect to database.
2025-09-15 17:27:14,450 - ERROR - Timeout occurred while trying to reach the server.
2025-09-15 17:27:14,491 - ERROR - File corrupted during transfer.
2025-09-15 17:27:14,520 - CRITICAL - File not found.
2025-09-15 17:27:14,589 - DEBUG - An unexpected issue occurred while processing the request.
2025-09-15 17:27:14,688 - ERROR - Memory usage exceeds threshold.
2025-09-15 17:27:14,749 - INFO - Unexpected response from server.
2025-09-15 17:27:14,829 - WARNING - User logged in successfully.
2025-09-15 17:27:14,897 - DEBUG - Unexpected response from server.
2025-09-15 17:27:14,922 - DEBUG - Failed to connect to database.
2025-09-15 17:27:14,970 - WARNING - Unexpected response from server.
2025-09-15 17:27:14,986 - CRITICAL - Success: New user registered.
2025-09-15 17:27:15,038 - WARNING - Warning: Disk space running low.
2025-09-15 17:27:15,134 - INFO - Invalid input provided by user.
2025-09-15 17:27:15,175 - CRITICAL - Data successfully updated in the system.
2025-09-15 17:27:15,267 - WARNING - Data successfully updated in the system.
2025-09-15 17:27:15,281 - ERROR - Invalid input provided by user.
2025-09-15 17:27:15,374 - INFO - File corrupted during transfer.
2025-09-15 17:27:15,424 - ERROR - File upload successful.
2025-09-15 17:27:15,498 - INFO - System performance degraded.
2025-09-15 17:27:15,549 - INFO - User logged in successfully.
2025-09-15 17:27:15,602 - WARNING - Critical system failure occurred.
2025-09-15 17:27:15,693 - ERROR - Database connection established.
2025-09-15 17:27:15,727 - WARNING - Failed to connect to database.
2025-09-15 17:27:15,775 - ERROR - Unexpected response from server.
2025-09-15 17:27:15,814 - INFO - Database connection established.
2025-09-15 17:27:15,828 - WARNING - User logged in successfully.
2025-09-15 17:27:15,913 - WARNING - System performance degraded.
2025-09-15 17:27:15,985 - CRITICAL - System rebooted successfully.
2025-09-15 17:27:16,022 - WARNING - File corrupted during transfer.
2025-09-15 17:27:16,046 - WARNING - Unexpected response from server.
2025-09-15 17:27:16,111 - WARNING - System performance degraded.
2025-09-15 17:27:16,126 - INFO - Warning: Disk space running low.
2025-09-15 17:27:16,215 - WARNING - System rebooted successfully.
2025-09-15 17:27:16,277 - DEBUG - Invalid input provided by user.
2025-09-15 17:27:16,320 - WARNING - Warning: Disk space running low.
2025-09-15 17:27:16,392 - WARNING - An unexpected issue occurred while processing the request.
2025-09-15 17:27:16,464 - DEBUG - Timeout occurred while trying to reach the server.
2025-09-15 17:27:16,495 - DEBUG - Invalid input provided by user.
2025-09-15 17:27:16,518 - WARNING - issue occurred during API call.
2025-09-15 17:27:16,553 - WARNING - System performance degraded.
2025-09-15 17:27:16,620 - DEBUG - User logged in successfully.
2025-09-15 17:27:16,652 - ERROR - System backup completed successfully.
2025-09-15 17:27:16,748 - DEBUG - System performance degraded.
2025-09-15 17:27:16,795 - CRITICAL - File corrupted during transfer.
2025-09-15 17:27:16,852 - ERROR - File not found.
2025-09-15 17:27:16,865 - CRITICAL - Data successfully updated in the system.
2025-09-15 17:27:16,962 - DEBUG - Timeout occurred while trying to reach the server.
2025-09-15 17:27:17,020 - INFO - Data successfully updated in the system.
2025-09-15 17:27:17,079 - INFO - Invalid input provided by user.
2025-09-15 17:27:17,144 - ERROR - issue occurred during API call.
2025-09-15 17:27:17,163 - INFO - System performance degraded.
2025-09-15 17:27:17,243 - ERROR - User logged in successfully.
2025-09-15 17:27:17,325 - WARNING - System rebooted successfully.
2025-09-15 17:27:17,383 - ERROR - System rebooted successfully.
2025-09-15 17:27:17,420 - CRITICAL - Timeout occurred while trying to reach the server.
2025-09-15 17:27:17,462 - WARNING - Unexpected response from server.
2025-09-15 17:27:17,528 - INFO - Critical system failure occurred.
2025-09-15 17:27:17,565 - INFO - User authentication failed.
2025-09-15 17:27:17,662 - DEBUG - System performance degraded.
2025-09-15 17:27:17,715 - DEBUG - An unexpected issue occurred while processing the request.
2025-09-15 17:27:17,743 - ERROR - Warning: Disk space running low.
2025-09-15 17:27:17,842 - INFO - File not found.
2025-09-15 17:27:17,887 - INFO - File corrupted during transfer.
2025-09-15 17:27:17,951 - WARNING - System rebooted successfully.
2025-09-15 17:27:17,971 - WARNING - File not found.
2025-09-15 17:27:18,057 - INFO - Memory usage exceeds threshold.
2025-09-15 17:27:18,101 - ERROR - An unexpected issue occurred while processing the request.
2025-09-15 17:27:18,142 - WARNING - File upload successful.
2025-09-15 17:27:18,186 - CRITICAL - System performance degraded.
2025-09-15 17:27:18,229 - DEBUG - Timeout occurred while trying to reach the server.
2025-09-15 17:27:18,292 - CRITICAL - Warning: Disk space running low.
2025-09-15 17:27:18,335 - ERROR - Invalid input provided by user.
2025-09-15 17:27:18,411 - DEBUG - Database connection established.
2025-09-15 17:27:18,481 - INFO - Critical system failure occurred.
2025-09-15 17:27:18,508 - CRITICAL - Failed to connect to database.
2025-09-15 17:27:18,586 - ERROR - API request processed successfully.
2025-09-15 17:27:18,668 - DEBUG - System performance degraded.
2025-09-15 17:27:18,706 - ERROR - File upload successful.
2025-09-15 17:27:18,738 - INFO - Permission denied while accessing the file.
2025-09-15 17:27:18,791 - CRITICAL - File corrupted during transfer.
2025-09-15 17:27:18,821 - INFO - System rebooted successfully.
2025-09-15 17:27:18,865 - CRITICAL - User logged in successfully.
2025-09-15 17:27:18,880 - CRITICAL - API request processed successfully.
2025-09-15 17:27:18,903 - CRITICAL - User logged in successfully.
2025-09-15 17:27:18,926 - INFO - File corrupted during transfer.
2025-09-15 17:27:19,007 - CRITICAL - File corrupted during transfer.
2025-09-15 17:27:19,098 - WARNING - Database connection established.
2025-09-15 17:27:19,163 - INFO - issue occurred during API call.
2025-09-15 17:27:19,240 - CRITICAL - Memory usage exceeds threshold.
2025-09-15 17:27:19,272 - WARNING - Success: New user registered.
2025-09-15 17:27:19,372 - CRITICAL - Database connection established.
2025-09-15 17:27:19,453 - ERROR - Data successfully updated in the system.
2025-09-15 17:27:19,469 - DEBUG - Warning: Disk space running low.
2025-09-15 17:27:19,501 - ERROR - API request processed successfully.
2025-09-15 17:27:19,529 - ERROR - Unexpected response from server.
2025-09-15 17:27:19,543 - INFO - Timeout occurred while trying to reach the server.
2025-09-15 17:27:19,579 - CRITICAL - File upload successful.
2025-09-15 17:27:19,651 - ERROR - Permission denied while accessing the file.
2025-09-15 17:27:19,691 - INFO - Permission denied while accessing the file.
2025-09-15 17:27:19,708 - WARNING - System rebooted successfully.
2025-09-15 17:27:19,755 - CRITICAL - API request processed successfully.
2025-09-15 17:27:19,778 - WARNING - User authentication failed.
2025-09-15 17:27:19,847 - DEBUG - API request processed successfully.
2025-09-15 17:27:19,909 - INFO - File not found.
2025-09-15 17:27:19,944 - DEBUG - File not found.
2025-09-15 17:27:19,991 - WARNING - Critical system failure occurred.
2025-09-15 17:27:20,012 - INFO - Memory usage exceeds threshold.
2025-09-15 17:27:20,084 - INFO - Unexpected response from server.
2025-09-15 17:27:20,130 - INFO - Memory usage exceeds threshold.
2025-09-15 17:27:20,167 - ERROR - File corrupted during transfer.
2025-09-15 17:27:20,179 - CRITICAL - Data successfully updated in the system.
2025-09-15 17:27:20,259 - INFO - User authentication failed.
2025-09-15 17:27:20,314 - DEBUG - File not found.
2025-09-15 17:27:20,356 - ERROR - File corrupted during transfer.
2025-09-15 17:27:20,448 - INFO - System rebooted successfully.
2025-09-15 17:27:20,493 - DEBUG - Data successfully updated in the system.
2025-09-15 17:27:20,524 - ERROR - File corrupted during transfer.
2025-09-15 17:27:20,590 - CRITICAL - File upload successful.
2025-09-15 17:27:20,676 - CRITICAL - An unexpected issue occurred while processing the request.
2025-09-15 17:27:20,739 - ERROR - File upload successful.
2025-09-15 17:27:20,839 - DEBUG - Unexpected response from server.
2025-09-15 17:27:20,883 - INFO - User logged in successfully.
2025-09-15 17:27:20,942 - DEBUG - User authentication failed.
2025-09-15 17:27:20,988 - ERROR - User logged in successfully.
2025-09-15 17:27:21,000 - CRITICAL - User authentication failed.
2025-09-15 17:27:21,040 - DEBUG - User logged in successfully.
2025-09-15 17:27:21,090 - WARNING - System rebooted successfully.
2025-09-15 17:27:21,158 - ERROR - An unexpected issue occurred while processing the request.
2025-09-15 17:27:21,210 - CRITICAL - User logged in successfully.
2025-09-15 17:27:21,275 - CRITICAL - Memory usage exceeds threshold.
2025-09-15 17:27:21,371 - ERROR - User logged in successfully.
2025-09-15 17:27:21,465 - INFO - File not found.
2025-09-15 17:27:21,487 - WARNING - An unexpected issue occurred while processing the request.
2025-09-15 17:27:21,512 - DEBUG - File corrupted during transfer.
2025-09-15 17:27:21,532 - WARNING - Failed to connect to database.
2025-09-15 17:27:21,576 - ERROR - Invalid input provided by user.
2025-09-15 17:27:21,661 - WARNING - File upload successful.
2025-09-15 17:27:21,755 - DEBUG - System rebooted successfully.
2025-09-15 17:27:21,829 - WARNING - System rebooted successfully.
2025-09-15 17:27:21,876 - ERROR - Critical system failure occurred.
2025-09-15 17:27:21,958 - ERROR - User logged in successfully.
2025-09-15 17:27:21,995 - ERROR - User authentication failed.
2025-09-15 17:27:22,010 - CRITICAL - Critical system failure occurred.
2025-09-15 17:27:22,066 - DEBUG - User authentication failed.
2025-09-15 17:27:22,129 - INFO - User authentication failed.
2025-09-15 17:27:22,174 - ERROR - An unexpected issue occurred while processing the request.
2025-09-15 17:27:22,242 - CRITICAL - Critical system failure occurred.
2025-09-15 17:27:22,329 - DEBUG - An unexpected issue occurred while processing the request.
2025-09-15 17:27:22,385 - WARNING - System performance degraded.
2025-09-15 17:27:22,451 - ERROR - issue occurred during API call.
2025-09-15 17:27:22,464 - WARNING - Timeout occurred while trying to reach the server.
2025-09-15 17:27:22,498 - CRITICAL - An unexpected issue occurred while processing the request.
2025-09-15 17:27:22,537 - CRITICAL - Database connection established.
2025-09-15 17:27:22,562 - INFO - System performance degraded.
2025-09-15 17:27:22,624 - CRITICAL - System backup completed successfully.
2025-09-15 17:27:22,718 - CRITICAL - Data successfully updated in the system.
2025-09-15 17:27:22,730 - CRITICAL - API request processed successfully.
2025-09-15 17:27:22,809 - ERROR - Permission denied while accessing the file.
2025-09-15 17:27:22,852 - DEBUG - Timeout occurred while trying to reach the server.
2025-09-15 17:27:22,931 - CRITICAL - System rebooted successfully.
2025-09-15 17:27:23,028 - CRITICAL - Invalid input provided by user.
2025-09-15 17:27:23,103 - ERROR - System performance degraded.
2025-09-15 17:27:23,123 - ERROR - User logged in successfully.
2025-09-15 17:27:23,156 - ERROR - issue occurred during API call.
2025-09-15 17:27:23,194 - CRITICAL - An unexpected issue occurred while processing the request.
2025-09-15 17:27:23,253 - INFO - Warning: Disk space running low.
2025-09-15 17:27:23,267 - WARNING - Critical system failure occurred.
2025-09-15 17:27:23,289 - WARNING - Critical system failure occurred.
2025-09-15 17:27:23,339 - CRITICAL - Permission denied while accessing the file.
2025-09-15 17:27:23,396 - CRITICAL - System performance degraded.
2025-09-15 17:27:23,426 - WARNING - File corrupted during transfer.
2025-09-15 17:27:23,513 - CRITICAL - An unexpected issue occurred while processing the request.
2025-09-15 17:27:23,588 - ERROR - An unexpected issue occurred while processing the request.
2025-09-15 17:27:23,639 - WARNING - Warning: Disk space running low.
2025-09-15 17:27:23,721 - ERROR - Data successfully updated in the system.
2025-09-15 17:27:23,818 - WARNING - Critical system failure occurred.
2025-09-15 17:27:23,866 - WARNING - Data successfully updated in the system.
2025-09-15 17:27:23,882 - CRITICAL - System backup completed successfully.
2025-09-15 17:27:23,957 - INFO - Unexpected response from server.
2025-09-15 17:27:23,987 - DEBUG - File not found.
2025-09-15 17:27:24,032 - INFO - System performance degraded.
2025-09-15 17:27:24,065 - WARNING - Permission denied while accessing the file.
2025-09-15 17:27:24,113 - DEBUG - File upload successful.
2025-09-15 17:27:24,207 - ERROR - File upload successful.
2025-09-15 17:27:24,290 - WARNING - Timeout occurred while trying to reach the server.
2025-09-15 17:27:24,335 - DEBUG - User logged in successfully.
2025-09-15 17:27:24,352 - WARNING - An unexpected issue occurred while processing the request.
2025-09-15 17:27:24,440 - ERROR - Timeout occurred while trying to reach the server.
2025-09-15 17:27:24,457 - CRITICAL - User authentication failed.
2025-09-15 17:27:24,526 - CRITICAL - Memory usage exceeds threshold.
2025-09-15 17:27:24,606 - DEBUG - System performance degraded.
2025-09-15 17:27:24,643 - CRITICAL - Data successfully updated in the system.
2025-09-15 17:27:24,663 - ERROR - Timeout occurred while trying to reach the server.
2025-09-15 17:27:24,734 - ERROR - Memory usage exceeds threshold.
2025-09-15 17:27:24,786 - INFO - Invalid input provided by user.
2025-09-15 17:27:24,803 - DEBUG - User authentication failed.
2025-09-15 17:27:24,867 - WARNING - Database connection established.
2025-09-15 17:27:24,879 - INFO - issue occurred during API call.
2025-09-15 17:27:24,965 - DEBUG - System performance degraded.
2025-09-15 17:27:25,062 - ERROR - User authentication failed.
2025-09-15 17:27:25,129 - INFO - Memory usage exceeds threshold.
2025-09-15 17:27:25,199 - DEBUG - System backup completed successfully.
2025-09-15 17:27:25,229 - INFO - Unexpected response from server.
2025-09-15 17:27:25,280 - WARNING - Success: New user registered.
2025-09-15 17:27:25,354 - DEBUG - Memory usage exceeds threshold.
2025-09-15 17:27:25,377 - DEBUG - User authentication failed.
2025-09-15 17:27:25,467 - INFO - System backup completed successfully.
2025-09-15 17:27:25,490 - ERROR - File corrupted during transfer.
2025-09-15 17:27:25,504 - ERROR - Failed to connect to database.
2025-09-15 17:27:25,542 - INFO - System rebooted successfully.
2025-09-15 17:27:25,557 - INFO - Unexpected response from server.
2025-09-15 17:27:25,581 - ERROR - Timeout occurred while trying to reach the server.
2025-09-15 17:27:25,643 - ERROR - Critical system failure occurred.
2025-09-15 17:27:25,712 - INFO - Timeout occurred while trying to reach the server.
2025-09-15 17:27:25,742 - INFO - System rebooted successfully.
2025-09-15 17:27:25,779 - DEBUG - System rebooted successfully.
2025-09-15 17:27:25,824 - WARNING - issue occurred during API call.
2025-09-15 17:27:25,914 - DEBUG - System performance degraded.
2025-09-15 17:27:25,993 - CRITICAL - File corrupted during transfer.
2025-09-15 17:27:26,024 - ERROR - Memory usage exceeds threshold.
2025-09-15 17:27:26,046 - ERROR - Invalid input provided by user.
2025-09-15 17:27:26,068 - CRITICAL - Failed to connect to database.
2025-09-15 17:27:26,154 - WARNING - Memory usage exceeds threshold.
2025-09-15 17:27:26,229 - DEBUG - Critical system failure occurred.
2025-09-15 17:27:26,308 - DEBUG - System rebooted successfully.
2025-09-15 17:27:26,326 - ERROR - User authentication failed.
2025-09-15 17:27:26,414 - WARNING - System backup completed successfully.
2025-09-15 17:27:26,457 - WARNING - Database connection established.
2025-09-15 17:27:26,505 - INFO - Invalid input provided by user.
2025-09-15 17:27:26,523 - ERROR - System performance degraded.
2025-09-15 17:27:26,587 - WARNING - System backup completed successfully.
2025-09-15 17:27:26,654 - CRITICAL - System performance degraded.
2025-09-15 17:27:26,665 - DEBUG - Permission denied while accessing the file.
2025-09-15 17:27:26,680 - ERROR - Critical system failure occurred.
2025-09-15 17:27:26,751 - DEBUG - Failed to connect to database.
2025-09-15 17:27:26,784 - DEBUG - Invalid input provided by user.
2025-09-15 17:27:26,815 - INFO - Memory usage exceeds threshold.
2025-09-15 17:27:26,864 - WARNING - Failed to connect to database.
2025-09-15 17:27:26,938 - DEBUG - An unexpected issue occurred while processing the request.
2025-09-15 17:27:26,949 - WARNING - Permission denied while accessing the file.
2025-09-15 17:27:27,042 - WARNING - File not found.
2025-09-15 17:27:27,133 - ERROR - Data successfully updated in the system.
2025-09-15 17:27:27,214 - WARNING - Permission denied while accessing the file.
2025-09-15 17:27:27,254 - ERROR - Invalid input provided by user.
2025-09-15 17:27:27,294 - WARNING - File not found.
2025-09-15 17:27:27,372 - DEBUG - Warning: Disk space running low.
2025-09-15 17:27:27,420 - CRITICAL - User authentication failed.
2025-09-15 17:27:27,447 - DEBUG - System backup completed successfully.
2025-09-15 17:27:27,507 - ERROR - File upload successful.
2025-09-15 17:27:27,593 - CRITICAL - User authentication failed.
2025-09-15 17:27:27,661 - WARNING - Invalid input provided by user.
2025-09-15 17:27:27,746 - WARNING - File upload successful.
2025-09-15 17:27:27,762 - DEBUG - Unexpected response from server.
2025-09-15 17:27:27,809 - INFO - Invalid input provided by user.
2025-09-15 17:27:27,882 - ERROR - User authentication failed.
2025-09-15 17:27:27,906 - CRITICAL - Failed to connect to database.
2025-09-15 17:27:27,926 - DEBUG - Invalid input provided by user.
2025-09-15 17:27:27,968 - ERROR - System backup completed successfully.
2025-09-15 17:27:27,988 - INFO - User authentication failed.
2025-09-15 17:27:28,015 - DEBUG - File corrupted during transfer.
2025-09-15 17:27:28,038 - CRITICAL - API request processed successfully.
2025-09-15 17:27:28,061 - CRITICAL - Success: New user registered.
2025-09-15 17:27:28,139 - INFO - Timeout occurred while trying to reach the server.
2025-09-15 17:27:28,217 - CRITICAL - Permission denied while accessing the file.
2025-09-15 17:27:28,258 - DEBUG - Memory usage exceeds threshold.
2025-09-15 17:27:28,329 - DEBUG - File corrupted during transfer.
2025-09-15 17:27:28,349 - ERROR - Timeout occurred while trying to reach the server.
2025-09-15 17:27:28,413 - ERROR - Warning: Disk space running low.
2025-09-15 17:27:28,494 - ERROR - Success: New user registered.
2025-09-15 17:27:28,537 - ERROR - Timeout occurred while trying to reach the server.
2025-09-15 17:27:28,578 - DEBUG - issue occurred during API call.
2025-09-15 17:27:28,626 - INFO - System backup completed successfully.
2025-09-15 17:27:28,676 - INFO - System performance degraded.
2025-09-15 17:27:28,746 - CRITICAL - Timeout occurred while trying to reach the server.
2025-09-15 17:27:28,798 - CRITICAL - Memory usage exceeds threshold.
2025-09-15 17:27:28,886 - ERROR - Warning: Disk space running low.
2025-09-15 17:27:28,913 - DEBUG - File upload successful.
2025-09-15 17:27:28,945 - CRITICAL - Critical system failure occurred.
2025-09-15 17:27:28,973 - CRITICAL - issue occurred during API call.
2025-09-15 17:27:29,007 - INFO - An unexpected issue occurred while processing the request.
2025-09-15 17:27:29,082 - ERROR - File not found.
2025-09-15 17:27:29,141 - WARNING - API request processed successfully.
2025-09-15 17:27:29,187 - DEBUG - File not found.
2025-09-15 17:27:29,287 - ERROR - Failed to connect to database.
2025-09-15 17:27:29,301 - DEBUG - Unexpected response from server.
2025-09-15 17:27:29,375 - CRITICAL - Warning: Disk space running low.
2025-09-15 17:27:29,448 - ERROR - Unexpected response from server.
2025-09-15 17:27:29,537 - CRITICAL - API request processed successfully.
2025-09-15 17:27:29,619 - WARNING - Warning: Disk space running low.
2025-09-15 17:27:29,698 - INFO - An unexpected issue occurred while processing the request.
2025-09-15 17:27:29,790 - INFO - Database connection established.
2025-09-15 17:27:29,862 - ERROR - System rebooted successfully.
2025-09-15 17:27:29,909 - DEBUG - Critical system failure occurred.
2025-09-15 17:27:29,993 - INFO - Invalid input provided by user.
2025-09-15 17:27:30,049 - WARNING - Data successfully updated in the system.
2025-09-15 17:27:30,061 - WARNING - Critical system failure occurred.
2025-09-15 17:27:30,154 - ERROR - Invalid input provided by user.
2025-09-15 17:27:30,167 - CRITICAL - File upload successful.
2025-09-15 17:27:30,232 - DEBUG - Failed to connect to database.
2025-09-15 17:27:30,276 - CRITICAL - System performance degraded.
2025-09-15 17:27:30,303 - CRITICAL - File not found.
2025-09-15 17:27:30,388 - DEBUG - Database connection established.
2025-09-15 17:27:30,477 - ERROR - Memory usage exceeds threshold.
2025-09-15 17:27:30,494 - WARNING - Failed to connect to database.
2025-09-15 17:27:30,523 - WARNING - System rebooted successfully.
2025-09-15 17:27:30,618 - ERROR - issue occurred during API call.
2025-09-15 17:27:30,640 - INFO - System performance degraded.
2025-09-15 17:27:30,724 - DEBUG - Unexpected response from server.
2025-09-15 17:27:30,796 - WARNING - System rebooted successfully.
2025-09-15 17:27:30,887 - WARNING - System performance degraded.
2025-09-15 17:27:30,985 - CRITICAL - System rebooted successfully.
2025-09-15 17:27:31,026 - CRITICAL - User authentication failed.
2025-09-15 17:27:31,063 - ERROR - File not found.
2025-09-15 17:27:31,156 - WARNING - Unexpected response from server.
2025-09-15 17:27:31,221 - CRITICAL - Success: New user registered.
2025-09-15 17:27:31,269 - DEBUG - User authentication failed.
2025-09-15 17:27:31,314 - DEBUG - File not found.
2025-09-15 17:27:31,383 - INFO - Database connection established.
2025-09-15 17:27:31,472 - CRITICAL - Failed to connect to database.
2025-09-15 17:27:31,502 - WARNING - User logged in successfully.
2025-09-15 17:27:31,559 - ERROR - File not found.
2025-09-15 17:27:31,604 - CRITICAL - Timeout occurred while trying to reach the server.
2025-09-15 17:27:31,685 - CRITICAL - Critical system failure occurred.
2025-09-15 17:27:31,713 - INFO - Timeout occurred while trying to reach the server.
2025-09-15 17:27:31,813 - DEBUG - Permission denied while accessing the file.
2025-09-15 17:27:31,837 - CRITICAL - An unexpected issue occurred while processing the request.
2025-09-15 17:27:31,895 - INFO - Unexpected response from server.
2025-09-15 17:27:31,966 - ERROR - File upload successful.
2025-09-15 17:27:31,992 - CRITICAL - Invalid input provided by user.
2025-09-15 17:27:32,079 - ERROR - Timeout occurred while trying to reach the server.
2025-09-15 17:27:32,121 - INFO - Warning: Disk space running low.
2025-09-15 17:27:32,135 - ERROR - System backup completed successfully.
2025-09-15 17:27:32,186 - CRITICAL - Warning: Disk space running low.
2025-09-15 17:27:32,200 - ERROR - Database connection established.
2025-09-15 17:27:32,269 - WARNING - Unexpected response from server.
2025-09-15 17:27:32,327 - WARNING - Database connection established.
2025-09-15 17:27:32,354 - ERROR - Database connection established.
2025-09-15 17:27:32,405 - INFO - User authentication failed.
2025-09-15 17:27:32,487 - CRITICAL - Warning: Disk space running low.
2025-09-15 17:27:32,520 - DEBUG - System performance degraded.
2025-09-15 17:27:32,564 - CRITICAL - Database connection established.
2025-09-15 17:27:32,612 - WARNING - API request processed successfully.
2025-09-15 17:27:32,675 - ERROR - Unexpected response from server.
2025-09-15 17:27:32,733 - CRITICAL - An unexpected issue occurred while processing the request.
2025-09-15 17:27:32,753 - DEBUG - File upload successful.
2025-09-15 17:27:32,807 - INFO - Timeout occurred while trying to reach the server.
2025-09-15 17:27:32,824 - WARNING - System backup completed successfully.
2025-09-15 17:27:32,906 - WARNING - User logged in successfully.
2025-09-15 17:27:32,967 - CRITICAL - System rebooted successfully.
2025-09-15 17:27:33,032 - INFO - issue occurred during API call.
2025-09-15 17:27:33,050 - CRITICAL - User logged in successfully.
2025-09-15 17:27:33,076 - ERROR - System backup completed successfully.
2025-09-15 17:27:33,101 - CRITICAL - Timeout occurred while trying to reach the server.
2025-09-15 17:27:33,126 - CRITICAL - Success: New user registered.
2025-09-15 17:27:33,146 - WARNING - Success: New user registered.
2025-09-15 17:27:33,204 - ERROR - Database connection established.
2025-09-15 17:27:33,257 - ERROR - Critical system failure occurred.
2025-09-15 17:27:33,336 - DEBUG - System performance degraded.
2025-09-15 17:27:33,431 - WARNING - System backup completed successfully.
2025-09-15 17:27:33,518 - WARNING - System performance degraded.
2025-09-15 17:27:33,610 - CRITICAL - User logged in successfully.
2025-09-15 17:27:33,650 - INFO - System rebooted successfully.
2025-09-15 17:27:33,743 - CRITICAL - User authentication failed.
2025-09-15 17:27:33,838 - INFO - Critical system failure occurred.
2025-09-15 17:27:33,920 - ERROR - Invalid input provided by user.
2025-09-15 17:27:33,965 - CRITICAL - File upload successful.
2025-09-15 17:27:34,029 - WARNING - Permission denied while accessing the file.
2025-09-15 17:27:34,070 - DEBUG - Data successfully updated in the system.
2025-09-15 17:27:34,136 - INFO - System performance degraded.
2025-09-15 17:27:34,226 - DEBUG - Memory usage exceeds threshold.
2025-09-15 17:27:34,237 - ERROR - Warning: Disk space running low.
2025-09-15 17:27:34,320 - WARNING - API request processed successfully.
2025-09-15 17:27:34,417 - WARNING - An unexpected issue occurred while processing the request.
2025-09-15 17:27:34,433 - INFO - Warning: Disk space running low.
2025-09-15 17:27:34,501 - INFO - issue occurred during API call.
2025-09-15 17:27:34,522 - ERROR - Timeout occurred while trying to reach the server.
2025-09-15 17:27:34,577 - ERROR - Memory usage exceeds threshold.
2025-09-15 17:27:34,630 - DEBUG - API request processed successfully.
2025-09-15 17:27:34,701 - WARNING - Data successfully updated in the system.
2025-09-15 17:27:34,794 - CRITICAL - User logged in successfully.
2025-09-15 17:27:34,852 - INFO - API request processed successfully.
2025-09-15 17:27:34,895 - DEBUG - Success: New user registered.
2025-09-15 17:27:34,912 - ERROR - System backup completed successfully.
2025-09-15 17:27:34,992 - ERROR - Unexpected response from server.
2025-09-15 17:27:35,069 - INFO - User logged in successfully.
2025-09-15 17:27:35,102 - WARNING - Unexpected response from server.
2025-09-15 17:27:35,128 - WARNING - System rebooted successfully.
2025-09-15 17:27:35,169 - ERROR - Failed to connect to database.
2025-09-15 17:27:35,232 - DEBUG - Invalid input provided by user.
2025-09-15 17:27:35,324 - CRITICAL - Unexpected response from server.
2025-09-15 17:27:35,386 - INFO - API request processed successfully.
2025-09-15 17:27:35,410 - INFO - Memory usage exceeds threshold.
2025-09-15 17:27:35,488 - WARNING - Critical system failure occurred.
2025-09-15 17:27:35,580 - DEBUG - Timeout occurred while trying to reach the server.
2025-09-15 17:27:35,672 - CRITICAL - File not found.
2025-09-15 17:27:35,751 - ERROR - File not found.
2025-09-15 17:27:35,830 - ERROR - Warning: Disk space running low.
2025-09-15 17:27:35,845 - DEBUG - Success: New user registered.
2025-09-15 17:27:35,911 - INFO - Permission denied while accessing the file.
2025-09-15 17:27:35,984 - INFO - System performance degraded.
2025-09-15 17:27:36,034 - INFO - Critical system failure occurred.
2025-09-15 17:27:36,106 - DEBUG - Critical system failure occurred.
2025-09-15 17:27:36,178 - DEBUG - Database connection established.
2025-09-15 17:27:36,233 - ERROR - File not found.
2025-09-15 17:27:36,264 - DEBUG - System performance degraded.
2025-09-15 17:27:36,312 - WARNING - Failed to connect to database.
2025-09-15 17:27:36,405 - INFO - System performance degraded.
2025-09-15 17:27:36,482 - ERROR - System rebooted successfully.
2025-09-15 17:27:36,548 - CRITICAL - Unexpected response from server.
2025-09-15 17:27:36,647 - CRITICAL - Data successfully updated in the system.
2025-09-15 17:27:36,668 - INFO - System performance degraded.
2025-09-15 17:27:36,695 - CRITICAL - File corrupted during transfer.
2025-09-15 17:27:36,724 - CRITICAL - Database connection established.
2025-09-15 17:27:36,766 - DEBUG - Unexpected response from server.
2025-09-15 17:27:36,802 - INFO - Unexpected response from server.
2025-09-15 17:27:36,835 - ERROR - Memory usage exceeds threshold.
2025-09-15 17:27:36,846 - ERROR - File corrupted during transfer.
2025-09-15 17:27:36,874 - WARNING - API request processed successfully.
2025-09-15 17:27:36,897 - ERROR - Timeout occurred while trying to reach the server.
2025-09-15 17:27:36,976 - CRITICAL - System rebooted successfully.
2025-09-15 17:27:37,044 - ERROR - Failed to connect to database.
2025-09-15 17:27:37,128 - DEBUG - Critical system failure occurred.
2025-09-15 17:27:37,222 - ERROR - Permission denied while accessing the file.
2025-09-15 17:27:37,302 - WARNING - File not found.
2025-09-15 17:27:37,395 - WARNING - An unexpected issue occurred while processing the request.
2025-09-15 17:27:37,455 - ERROR - System rebooted successfully.
2025-09-15 17:27:37,496 - ERROR - Failed to connect to database.
2025-09-15 17:27:37,591 - ERROR - Critical system failure occurred.
2025-09-15 17:27:37,662 - INFO - File upload successful.
2025-09-15 17:27:37,729 - WARNING - Unexpected response from server.
2025-09-15 17:27:37,744 - ERROR - System rebooted successfully.
2025-09-15 17:27:37,826 - ERROR - Data successfully updated in the system.
2025-09-15 17:27:37,921 - WARNING - File corrupted during transfer.
2025-09-15 17:27:37,970 - CRITICAL - Critical system failure occurred.
2025-09-15 17:27:38,021 - ERROR - File not found.
2025-09-15 17:27:38,052 - WARNING - Memory usage exceeds threshold.
2025-09-15 17:27:38,103 - DEBUG - File upload successful.
2025-09-15 17:27:38,124 - DEBUG - issue occurred during API call.
2025-09-15 17:27:38,146 - WARNING - Failed to connect to database.
2025-09-15 17:27:38,231 - INFO - Permission denied while accessing the file.
2025-09-15 17:27:38,246 - ERROR - Invalid input provided by user.
2025-09-15 17:27:38,343 - INFO - System performance degraded.
2025-09-15 17:27:38,400 - INFO - Warning: Disk space running low.
2025-09-15 17:27:38,470 - ERROR - Memory usage exceeds threshold.
2025-09-15 17:27:38,557 - INFO - File upload successful.
2025-09-15 17:27:38,577 - CRITICAL - Warning: Disk space running low.
2025-09-15 17:27:38,672 - DEBUG - An unexpected issue occurred while processing the request.
2025-09-15 17:27:38,741 - INFO - System performance degraded.
2025-09-15 17:27:38,828 - CRITICAL - File upload successful.
2025-09-15 17:27:38,899 - INFO - File not found.
2025-09-15 17:27:38,955 - ERROR - Critical system failure occurred.
2025-09-15 17:27:39,019 - WARNING - File not found.
2025-09-15 17:27:39,118 - DEBUG - Timeout occurred while trying to reach the server.
2025-09-15 17:27:39,172 - DEBUG - Warning: Disk space running low.
2025-09-15 17:27:39,246 - WARNING - System backup completed successfully.
2025-09-15 17:27:39,307 - ERROR - User authentication failed.
2025-09-15 17:27:39,375 - INFO - Success: New user registered.
2025-09-15 17:27:39,407 - CRITICAL - Timeout occurred while trying to reach the server.
2025-09-15 17:27:39,445 - WARNING - Memory usage exceeds threshold.
2025-09-15 17:27:39,475 - DEBUG - issue occurred during API call.
2025-09-15 17:27:39,539 - INFO - Warning: Disk space running low.
2025-09-15 17:27:39,626 - CRITICAL - Invalid input provided by user.
2025-09-15 17:27:39,699 - INFO - User logged in successfully.
2025-09-15 17:27:39,781 - CRITICAL - An unexpected issue occurred while processing the request.
2025-09-15 17:27:39,882 - CRITICAL - User logged in successfully.
2025-09-15 17:27:39,964 - CRITICAL - Timeout occurred while trying to reach the server.
2025-09-15 17:27:39,985 - WARNING - Invalid input provided by user.
2025-09-15 17:27:40,062 - DEBUG - Critical system failure occurred.
2025-09-15 17:27:40,099 - INFO - Memory usage exceeds threshold.
2025-09-15 17:27:40,131 - DEBUG - File corrupted during transfer.
2025-09-15 17:27:40,192 - WARNING - Warning: Disk space running low.
2025-09-15 17:27:40,207 - ERROR - Warning: Disk space running low.
2025-09-15 17:27:40,289 - WARNING - System backup completed successfully.
2025-09-15 17:27:40,335 - ERROR - An unexpected issue occurred while processing the request.
2025-09-15 17:27:40,383 - WARNING - issue occurred during API call.
2025-09-15 17:27:40,473 - ERROR - User authentication failed.
2025-09-15 17:27:40,539 - ERROR - issue occurred during API call.
2025-09-15 17:27:40,625 - ERROR - Data successfully updated in the system.
2025-09-15 17:27:40,694 - INFO - File upload successful.
2025-09-15 17:27:40,787 - ERROR - Data successfully updated in the system.
2025-09-15 17:27:40,835 - INFO - An unexpected issue occurred while processing the request.
2025-09-15 17:27:40,864 - CRITICAL - User authentication failed.
2025-09-15 17:27:40,894 - ERROR - Invalid input provided by user.
2025-09-15 17:27:40,934 - INFO - System rebooted successfully.
2025-09-15 17:27:40,951 - ERROR - Unexpected response from server.
2025-09-15 17:27:41,023 - ERROR - API request processed successfully.
2025-09-15 17:27:41,047 - WARNING - Invalid input provided by user.
2025-09-15 17:27:41,102 - WARNING - File upload successful.
2025-09-15 17:27:41,136 - WARNING - Unexpected response from server.
2025-09-15 17:27:41,234 - DEBUG - Invalid input provided by user.
2025-09-15 17:27:41,330 - INFO - Success: New user registered.
2025-09-15 17:27:41,371 - CRITICAL - System performance degraded.
2025-09-15 17:27:41,455 - DEBUG - Warning: Disk space running low.
2025-09-15 17:27:41,534 - ERROR - Invalid input provided by user.
2025-09-15 17:27:41,614 - WARNING - Success: New user registered.
2025-09-15 17:27:41,695 - CRITICAL - API request processed successfully.
2025-09-15 17:27:41,780 - ERROR - issue occurred during API call.
2025-09-15 17:27:41,872 - WARNING - System backup completed successfully.
2025-09-15 17:27:41,921 - INFO - User authentication failed.
2025-09-15 17:27:41,975 - DEBUG - Memory usage exceeds threshold.
2025-09-15 17:27:42,063 - CRITICAL - Critical system failure occurred.
2025-09-15 17:27:42,085 - CRITICAL - An unexpected issue occurred while processing the request.
2025-09-15 17:27:42,099 - DEBUG - File not found.
2025-09-15 17:27:42,142 - CRITICAL - issue occurred during API call.
2025-09-15 17:27:42,162 - ERROR - Unexpected response from server.
2025-09-15 17:27:42,181 - DEBUG - File upload successful.
2025-09-15 17:27:42,234 - WARNING - Failed to connect to database.
2025-09-15 17:27:42,293 - DEBUG - Timeout occurred while trying to reach the server.
2025-09-15 17:27:42,358 - CRITICAL - Permission denied while accessing the file.
2025-09-15 17:27:42,388 - WARNING - File corrupted during transfer.
2025-09-15 17:27:42,445 - WARNING - User authentication failed.
2025-09-15 17:27:42,476 - ERROR - File corrupted during transfer.
2025-09-15 17:27:42,488 - DEBUG - System rebooted successfully.
2025-09-15 17:27:42,577 - CRITICAL - System backup completed successfully.
2025-09-15 17:27:42,667 - INFO - Warning: Disk space running low.
2025-09-15 17:27:42,712 - WARNING - User authentication failed.
2025-09-15 17:27:42,731 - ERROR - System backup completed successfully.
2025-09-15 17:27:42,784 - ERROR - Memory usage exceeds threshold.
2025-09-15 17:27:42,865 - ERROR - Critical system failure occurred.
2025-09-15 17:27:42,965 - DEBUG - Critical system failure occurred.
2025-09-15 17:27:43,022 - INFO - An unexpected issue occurred while processing the request.
2025-09-15 17:27:43,041 - WARNING - Warning: Disk space running low.
2025-09-15 17:27:43,075 - INFO - Failed to connect to database.
2025-09-15 17:27:43,172 - ERROR - Success: New user registered.
2025-09-15 17:27:43,206 - CRITICAL - User authentication failed.
2025-09-15 17:27:43,228 - ERROR - Data successfully updated in the system.
2025-09-15 17:27:43,277 - DEBUG - Timeout occurred while trying to reach the server.
2025-09-15 17:27:43,296 - ERROR - issue occurred during API call.
2025-09-15 17:27:43,349 - DEBUG - Unexpected response from server.
2025-09-15 17:27:43,369 - INFO - System performance degraded.
2025-09-15 17:27:43,447 - WARNING - An unexpected issue occurred while processing the request.
2025-09-15 17:27:43,486 - CRITICAL - User authentication failed.
2025-09-15 17:27:43,569 - WARNING - Success: New user registered.
2025-09-15 17:27:43,650 - CRITICAL - System rebooted successfully.
2025-09-15 17:27:43,750 - CRITICAL - File corrupted during transfer.
